0 info it worked if it ends with ok
1 verbose cli [ 'C:\\Program Files\\nodejs\\node.exe',
1 verbose cli   'C:\\Program Files\\nodejs\\node_modules\\npm\\bin\\npm-cli.js',
1 verbose cli   'start' ]
2 info using npm@3.10.10
3 info using node@v6.10.3
4 verbose run-script [ 'prestart', 'start', 'poststart' ]
5 info lifecycle web-dev@1.0.0~prestart: web-dev@1.0.0
6 silly lifecycle web-dev@1.0.0~prestart: no script for prestart, continuing
7 info lifecycle web-dev@1.0.0~start: web-dev@1.0.0
8 verbose lifecycle web-dev@1.0.0~start: unsafe-perm in lifecycle true
9 verbose lifecycle web-dev@1.0.0~start: PATH: C:\Program Files\nodejs\node_modules\npm\bin\node-gyp-bin;C:\Users\yatish\Desktop\Kadam-yatish-webdev\webdev\node_modules\.bin;"C:\Program Files (x86)\Heroku\ruby-2.1.7\bin";C:\Program Files (x86)\Intel\iCLS Client\;C:\Program Files\Intel\iCLS Client\;C:\ProgramData\Oracle\Java\javapath;C:\Windows\system32;C:\Windows;C:\Windows\System32\Wbem;C:\Windows\System32\WindowsPowerShell\v1.0\;C:\Program Files (x86)\NVIDIA Corporation\PhysX\Common;C:\Program Files\WIDCOMM\Bluetooth Software\;C:\Program Files\WIDCOMM\Bluetooth Software\syswow64;C:\Program Files\Intel\Intel(R) Management Engine Components\DAL;C:\Program Files\Intel\Intel(R) Management Engine Components\IPT;C:\Program Files (x86)\Intel\Intel(R) Management Engine Components\DAL;C:\Program Files (x86)\Intel\Intel(R) Management Engine Components\IPT;C:\Program Files (x86)\Microsoft SQL Server\110\Tools\Binn\;C:\Program Files\Microsoft SQL Server\110\Tools\Binn\;C:\Program Files\Microsoft SQL Server\110\DTS\Binn\ ;C:\Python27;C:\Python27\Scripts;C:\Program Files (x86)\Heroku\bin;C:\Program Files (x86)\git\cmd;C:\cygwin64\bin;C:\Program Files (x86)\Common Files\lenovo\easyplussdk\bin;C:\Program Files (x86)\Calibre2\;C:\Program Files (x86)\PuTTY\;C:\Program Files\Java\jdk1.8.0_121\bin\;E:\Setups\larceny-dev-bin-native-ia32-win32\larceny-dev-bin-native-ia32-win32\;C:\Program Files (x86)\Skype\Phone\;C:\Program Files\nodejs\;C:\Program Files\Git\cmd;C:\Program Files\MongoDB\Server\3.4\bin\;C:\Program Files\Java\jdk1.8.0_121\bin\;C:\Users\yatish\AppData\Roaming\npm\;C:\Program Files\MongoDB\Server\3.4\bin\;;C:\Program Files (x86)\Git\bin
10 verbose lifecycle web-dev@1.0.0~start: CWD: C:\Users\yatish\Desktop\Kadam-yatish-webdev\webdev
11 silly lifecycle web-dev@1.0.0~start: Args: [ '/d /s /c', 'node server.js' ]
12 silly lifecycle web-dev@1.0.0~start: Returned: code: 1  signal: null
13 info lifecycle web-dev@1.0.0~start: Failed to exec start script
14 verbose stack Error: web-dev@1.0.0 start: `node server.js`
14 verbose stack Exit status 1
14 verbose stack     at EventEmitter.<anonymous> (C:\Program Files\nodejs\node_modules\npm\lib\utils\lifecycle.js:255:16)
14 verbose stack     at emitTwo (events.js:106:13)
14 verbose stack     at EventEmitter.emit (events.js:191:7)
14 verbose stack     at ChildProcess.<anonymous> (C:\Program Files\nodejs\node_modules\npm\lib\utils\spawn.js:40:14)
14 verbose stack     at emitTwo (events.js:106:13)
14 verbose stack     at ChildProcess.emit (events.js:191:7)
14 verbose stack     at maybeClose (internal/child_process.js:886:16)
14 verbose stack     at Process.ChildProcess._handle.onexit (internal/child_process.js:226:5)
15 verbose pkgid web-dev@1.0.0
16 verbose cwd C:\Users\yatish\Desktop\Kadam-yatish-webdev\webdev
17 error Windows_NT 6.3.9600
18 error argv "C:\\Program Files\\nodejs\\node.exe" "C:\\Program Files\\nodejs\\node_modules\\npm\\bin\\npm-cli.js" "start"
19 error node v6.10.3
20 error npm  v3.10.10
21 error code ELIFECYCLE
22 error web-dev@1.0.0 start: `node server.js`
22 error Exit status 1
23 error Failed at the web-dev@1.0.0 start script 'node server.js'.
23 error Make sure you have the latest version of node.js and npm installed.
23 error If you do, this is most likely a problem with the web-dev package,
23 error not with npm itself.
23 error Tell the author that this fails on your system:
23 error     node server.js
23 error You can get information on how to open an issue for this project with:
23 error     npm bugs web-dev
23 error Or if that isn't available, you can get their info via:
23 error     npm owner ls web-dev
23 error There is likely additional logging output above.
24 verbose exit [ 1, true ]
